TN:
SF:src/core/api-client.ts
FN:7,(anonymous_8)
FN:12,(anonymous_9)
FN:19,(anonymous_10)
FN:32,(anonymous_12)
FN:44,(anonymous_14)
FN:56,(anonymous_16)
FN:68,(anonymous_18)
FNF:7
FNH:7
FNDA:1,(anonymous_8)
FNDA:7,(anonymous_9)
FNDA:4,(anonymous_10)
FNDA:1,(anonymous_12)
FNDA:1,(anonymous_14)
FNDA:1,(anonymous_16)
FNDA:3,(anonymous_18)
DA:1,1
DA:3,1
DA:8,1
DA:9,1
DA:13,7
DA:20,4
DA:21,4
DA:26,1
DA:28,3
DA:33,1
DA:34,1
DA:38,1
DA:40,0
DA:45,1
DA:46,1
DA:50,1
DA:52,0
DA:57,1
DA:58,1
DA:62,1
DA:64,0
DA:69,3
DA:70,1
DA:71,2
DA:72,1
DA:74,1
LF:26
LH:23
BRDA:69,0,0,1
BRDA:69,0,1,2
BRDA:71,1,0,1
BRDA:71,1,1,1
BRF:4
BRH:4
end_of_record
